2023-03-06 14:32:13 [main] INFO  c.f.a.v.VehiclesearchappApplication -
                Starting VehiclesearchappApplication on DESKTOP-TQ16HH1 with PID 13432 (C:\Users\Lnovo\OneDrive\Documents\massil tasks\springboot\vehiclesearchapp\target\classes started by Lnovo in C:\Users\Lnovo\OneDrive\Documents\massil tasks\springboot\vehiclesearchapp)
2023-03-06 14:32:13 [main] DEBUG c.f.a.v.VehiclesearchappApplication -
                Running with Spring Boot v2.3.6.RELEASE, Spring v5.2.11.RELEASE
2023-03-06 14:32:13 [main] INFO  c.f.a.v.VehiclesearchappApplication -
                No active profile set, falling back to default profiles: default
2023-03-06 14:32:58 [main] INFO  c.f.a.v.VehiclesearchappApplication -
                Starting VehiclesearchappApplication on DESKTOP-TQ16HH1 with PID 12136 (C:\Users\Lnovo\OneDrive\Documents\massil tasks\springboot\vehiclesearchapp\target\classes started by Lnovo in C:\Users\Lnovo\OneDrive\Documents\massil tasks\springboot\vehiclesearchapp)
2023-03-06 14:32:58 [main] DEBUG c.f.a.v.VehiclesearchappApplication -
                Running with Spring Boot v2.3.6.RELEASE, Spring v5.2.11.RELEASE
2023-03-06 14:32:58 [main] INFO  c.f.a.v.VehiclesearchappApplication -
                No active profile set, falling back to default profiles: default
2023-03-06 14:33:19 [main] INFO  c.f.a.v.VehiclesearchappApplication -
                Started VehiclesearchappApplication in 21.84 seconds (JVM running for 24.033)
2023-03-06 14:44:38 [main] INFO  c.f.a.v.VehiclesearchappApplication -
                Starting VehiclesearchappApplication on DESKTOP-TQ16HH1 with PID 7796 (C:\Users\Lnovo\OneDrive\Documents\massil tasks\springboot\vehiclesearchapp\target\classes started by Lnovo in C:\Users\Lnovo\OneDrive\Documents\massil tasks\springboot\vehiclesearchapp)
2023-03-06 14:44:38 [main] DEBUG c.f.a.v.VehiclesearchappApplication -
                Running with Spring Boot v2.3.6.RELEASE, Spring v5.2.11.RELEASE
2023-03-06 14:44:38 [main] INFO  c.f.a.v.VehiclesearchappApplication -
                No active profile set, falling back to default profiles: default
2023-03-06 14:45:10 [main] INFO  c.f.a.v.VehiclesearchappApplication -
                Started VehiclesearchappApplication in 33.473 seconds (JVM running for 35.533)
